<?xml version="1.0" encoding="UTF-8"?>
<testng-results skipped="0" failed="0" total="1" passed="1">
  <reporter-output>
  </reporter-output>
  <suite name="Default suite" duration-ms="17735" started-at="2018-01-03T13:14:00Z" finished-at="2018-01-03T13:14:18Z">
    <groups>
    </groups>
    <test name="Default test" duration-ms="17735" started-at="2018-01-03T13:14:00Z" finished-at="2018-01-03T13:14:18Z">
      <class name="KeywordDrivenFramework.DriverScript">
        <test-method status="PASS" signature="beforeTest()[pri:0, instance:KeywordDrivenFramework.DriverScript@193948d]" name="beforeTest" is-config="true" duration-ms="10" started-at="2018-01-03T18:44:00Z" finished-at="2018-01-03T18:44:00Z">
          <reporter-output>
          </reporter-output>
        </test-method> <!-- beforeTest -->
        <test-method status="PASS" signature="main()[pri:0, instance:KeywordDrivenFramework.DriverScript@193948d]" name="main" duration-ms="17715" started-at="2018-01-03T18:44:00Z" finished-at="2018-01-03T18:44:18Z">
          <reporter-output>
          </reporter-output>
        </test-method> <!-- main -->
        <test-method status="PASS" signature="afterTest()[pri:0, instance:KeywordDrivenFramework.DriverScript@193948d]" name="afterTest" is-config="true" duration-ms="1" started-at="2018-01-03T18:44:18Z" finished-at="2018-01-03T18:44:18Z">
          <reporter-output>
          </reporter-output>
        </test-method> <!-- afterTest -->
      </class> <!-- KeywordDrivenFramework.DriverScript -->
    </test> <!-- Default test -->
  </suite> <!-- Default suite -->
</testng-results>
